0 info it worked if it ends with ok
1 verbose cli [ '/usr/bin/nodejs', '/usr/bin/npm', 'install' ]
2 info using npm@3.10.6
3 info using node@v4.4.7
4 silly loadCurrentTree Starting
5 silly install loadCurrentTree
6 silly install readLocalPackageData
7 silly rollbackFailedOptional Starting
8 silly rollbackFailedOptional Finishing
9 silly runTopLevelLifecycles Starting
10 silly runTopLevelLifecycles Finishing
11 silly install printInstalled
12 verbose stack Error: Failed to parse json
12 verbose stack Unexpected token 'd' at 32:4
12 verbose stack   "devDependencies": {
12 verbose stack    ^
12 verbose stack     at parseError (/usr/lib/node_modules/npm/node_modules/read-package-json/read-json.js:390:11)
12 verbose stack     at parseJson (/usr/lib/node_modules/npm/node_modules/read-package-json/read-json.js:79:23)
12 verbose stack     at /usr/lib/node_modules/npm/node_modules/read-package-json/read-json.js:48:5
12 verbose stack     at /usr/lib/node_modules/npm/node_modules/graceful-fs/graceful-fs.js:78:16
12 verbose stack     at FSReqWrap.readFileAfterClose [as oncomplete] (fs.js:380:3)
13 verbose cwd /home/toshiba/Documents/testing-Airline/airline
14 error Linux 3.13.0-92-generic
15 error argv "/usr/bin/nodejs" "/usr/bin/npm" "install"
16 error node v4.4.7
17 error npm  v3.10.6
18 error file /home/toshiba/Documents/testing-Airline/airline/package.json
19 error code EJSONPARSE
20 error Failed to parse json
20 error Unexpected token 'd' at 32:4
20 error   "devDependencies": {
20 error    ^
21 error File: /home/toshiba/Documents/testing-Airline/airline/package.json
22 error Failed to parse package.json data.
22 error package.json must be actual JSON, not just JavaScript.
22 error
22 error This is not a bug in npm.
22 error Tell the package author to fix their package.json file. JSON.parse
23 verbose exit [ 1, true ]
